<?xml version="1.0" encoding="UTF-8"?>
<testng-results ignored="0" total="1" passed="1" failed="0" skipped="0">
  <reporter-output>
    <line>
      <![CDATA[--DataBase Connection established--]]>
    </line>
    <line>
      <![CDATA[Browser Launched Successfully]]>
    </line>
    <line>
      <![CDATA[Logged in Successfully]]>
    </line>
    <line>
      <![CDATA[[ CON45 ] soujanya - Contact Information Added Successfully]]>
    </line>
    <line>
      <![CDATA[Logged Out Successfully]]>
    </line>
    <line>
      <![CDATA[Successfully Closed the Browser]]>
    </line>
    <line>
      <![CDATA[--DataBase Disconnected Successfully--]]>
    </line>
  </reporter-output>
  <suite started-at="2025-04-05T08:23:56 IST" name="Default suite" finished-at="2025-04-05T08:24:55 IST" duration-ms="58627">
    <groups>
      <group name="smoke">
        <method signature="ToCreateContactTest.ToCreateContactTest_TC_001()[pri:0, instance:ContactTests.ToCreateContactTest@3590fc5b]" name="ToCreateContactTest_TC_001" class="ContactTests.ToCreateContactTest"/>
      </group> <!-- smoke -->
    </groups>
    <test started-at="2025-04-05T08:23:56 IST" name="Default test" finished-at="2025-04-05T08:24:55 IST" duration-ms="58627">
      <class name="ContactTests.ToCreateContactTest">
        <test-method is-config="true" signature="beforeSuiteConfiguration()[pri:0, instance:ContactTests.ToCreateContactTest@3590fc5b]" started-at="2025-04-05T08:23:56 IST" name="beforeSuiteConfiguration" finished-at="2025-04-05T08:23:56 IST" duration-ms="14" status="PASS">
          <reporter-output>
            <line>
              <![CDATA[--DataBase Connection established--]]>
            </line>
          </reporter-output>
        </test-method> <!-- beforeSuiteConfiguration -->
        <test-method is-config="true" signature="beforeClassConfiguration()[pri:0, instance:ContactTests.ToCreateContactTest@3590fc5b]" started-at="2025-04-05T08:23:57 IST" name="beforeClassConfiguration" finished-at="2025-04-05T08:24:10 IST" duration-ms="13445" status="PASS">
          <reporter-output>
            <line>
              <![CDATA[Browser Launched Successfully]]>
            </line>
          </reporter-output>
        </test-method> <!-- beforeClassConfiguration -->
        <test-method is-config="true" signature="beforeMethodConfiguration()[pri:0, instance:ContactTests.ToCreateContactTest@3590fc5b]" started-at="2025-04-05T08:24:10 IST" name="beforeMethodConfiguration" finished-at="2025-04-05T08:24:10 IST" duration-ms="327" status="PASS">
          <reporter-output>
            <line>
              <![CDATA[Logged in Successfully]]>
            </line>
          </reporter-output>
        </test-method> <!-- beforeMethodConfiguration -->
        <test-method signature="ToCreateContactTest_TC_001()[pri:0, instance:ContactTests.ToCreateContactTest@3590fc5b]" started-at="2025-04-05T08:24:10 IST" name="ToCreateContactTest_TC_001" finished-at="2025-04-05T08:24:51 IST" duration-ms="40599" status="PASS">
          <reporter-output>
            <line>
              <![CDATA[[ CON45 ] soujanya - Contact Information Added Successfully]]>
            </line>
          </reporter-output>
        </test-method> <!-- ToCreateContactTest_TC_001 -->
        <test-method is-config="true" signature="afterMethodConfiguration()[pri:0, instance:ContactTests.ToCreateContactTest@3590fc5b]" started-at="2025-04-05T08:24:51 IST" name="afterMethodConfiguration" finished-at="2025-04-05T08:24:54 IST" duration-ms="2619" status="PASS">
          <reporter-output>
            <line>
              <![CDATA[Logged Out Successfully]]>
            </line>
          </reporter-output>
        </test-method> <!-- afterMethodConfiguration -->
        <test-method is-config="true" signature="afterClassConfiguration()[pri:0, instance:ContactTests.ToCreateContactTest@3590fc5b]" started-at="2025-04-05T08:24:54 IST" name="afterClassConfiguration" finished-at="2025-04-05T08:24:55 IST" duration-ms="1168" status="PASS">
          <reporter-output>
            <line>
              <![CDATA[Successfully Closed the Browser]]>
            </line>
          </reporter-output>
        </test-method> <!-- afterClassConfiguration -->
        <test-method is-config="true" signature="afterSuiteConfiguration()[pri:0, instance:ContactTests.ToCreateContactTest@3590fc5b]" started-at="2025-04-05T08:24:55 IST" name="afterSuiteConfiguration" finished-at="2025-04-05T08:24:55 IST" duration-ms="3" status="PASS">
          <reporter-output>
            <line>
              <![CDATA[--DataBase Disconnected Successfully--]]>
            </line>
          </reporter-output>
        </test-method> <!-- afterSuiteConfiguration -->
      </class> <!-- ContactTests.ToCreateContactTest -->
    </test> <!-- Default test -->
  </suite> <!-- Default suite -->
</testng-results>
