<?xml version="1.0" encoding="UTF-8"?>
<!-- Generated by org.testng.reporters.JUnitXMLReporter -->
<testsuite ignored="4" hostname="Sowjanya" failures="0" tests="3" name="Test2" time="60.424" errors="0" timestamp="2025-03-24T23:45:49 IST">
  <testcase classname="OrganizationTests.ToCreateOrgWithIndustryTest" name="toCreateOrgWithIndustryTest_TC_003" time="17.502"/>
  <testcase classname="OrganizationTests.ToCreateOrgWithIndustryAndTypeTest" name="toCreateOrgWithIndustryAndTypeTest_TC_004" time="16.107"/>
  <testcase classname="OrganizationTests.ToCreateOrgTest" name="toCreateOrgTest_TC_002" time="12.178"/>
  <testcase classname="GenericUtility.BaseClass" name="@BeforeSuite beforeSuiteConfiguration" time="0.0">
    <ignored/>
  </testcase> <!-- @BeforeSuite beforeSuiteConfiguration -->
  <testcase classname="GenericUtility.BaseClass" name="@BeforeSuite beforeSuiteConfiguration" time="0.0">
    <ignored/>
  </testcase> <!-- @BeforeSuite beforeSuiteConfiguration -->
  <testcase classname="GenericUtility.BaseClass" name="@AfterSuite afterSuiteConfiguration" time="0.0">
    <ignored/>
  </testcase> <!-- @AfterSuite afterSuiteConfiguration -->
  <testcase classname="GenericUtility.BaseClass" name="@AfterSuite afterSuiteConfiguration" time="0.0">
    <ignored/>
  </testcase> <!-- @AfterSuite afterSuiteConfiguration -->
</testsuite> <!-- Test2 -->
