<?xml version="1.0" encoding="UTF-8"?>
<!-- Generated by org.testng.reporters.JUnitXMLReporter -->
<testsuite ignored="2" hostname="Sowjanya" failures="0" tests="2" name="Test1" time="43.827" errors="0" timestamp="2025-03-24T23:45:32 IST">
  <testcase classname="ContactTests.ToCreateContactTest" name="ToCreateContactTest_TC_001" time="16.567"/>
  <testcase classname="ContactTests.ToCreateContactWithOrgTest" name="toCreateContactWithOrgTest_TC_005" time="16.457"/>
  <testcase classname="GenericUtility.BaseClass" name="@BeforeSuite beforeSuiteConfiguration" time="0.0">
    <ignored/>
  </testcase> <!-- @BeforeSuite beforeSuiteConfiguration -->
  <testcase classname="GenericUtility.BaseClass" name="@AfterSuite afterSuiteConfiguration" time="0.0">
    <ignored/>
  </testcase> <!-- @AfterSuite afterSuiteConfiguration -->
</testsuite> <!-- Test1 -->
