<?xml version="1.0" encoding="UTF-8"?>
<!-- Generated by org.testng.reporters.JUnitXMLReporter -->
<testsuite ignored="8" hostname="Sowjanya" failures="1" tests="5" name="Test" time="99.762" errors="0" timestamp="2025-04-03T10:43:34 IST">
  <testcase classname="OrganizationTests.ToCreateOrgWithIndustryTest" name="toCreateOrgWithIndustryTest_TC_003" time="12.688"/>
  <testcase classname="ContactTests.ToCreateContactTest" name="ToCreateContactTest_TC_001" time="11.048">
    <failure type="java.lang.AssertionError" message="null">
      <![CDATA[java.lang.AssertionError: null
at ContactTests.ToCreateContactTest.ToCreateContactTest_TC_001(ToCreateContactTest.java:33)
at java.base/java.util.ArrayList.forEach(ArrayList.java:1597)
... Removed 27 stack frames]]>
    </failure>
  </testcase> <!-- ToCreateContactTest_TC_001 -->
  <testcase classname="OrganizationTests.ToCreateOrgWithIndustryAndTypeTest" name="toCreateOrgWithIndustryAndTypeTest_TC_004" time="15.037"/>
  <testcase classname="ContactTests.ToCreateContactWithOrgTest" name="toCreateContactWithOrgTest_TC_005" time="16.698"/>
  <testcase classname="OrganizationTests.ToCreateOrgTest" name="toCreateOrgTest_TC_002" time="15.564"/>
  <testcase classname="GenericUtility.BaseClass" name="@BeforeSuite beforeSuiteConfiguration" time="0.0">
    <ignored/>
  </testcase> <!-- @BeforeSuite beforeSuiteConfiguration -->
  <testcase classname="GenericUtility.BaseClass" name="@BeforeSuite beforeSuiteConfiguration" time="0.0">
    <ignored/>
  </testcase> <!-- @BeforeSuite beforeSuiteConfiguration -->
  <testcase classname="GenericUtility.BaseClass" name="@BeforeSuite beforeSuiteConfiguration" time="0.0">
    <ignored/>
  </testcase> <!-- @BeforeSuite beforeSuiteConfiguration -->
  <testcase classname="GenericUtility.BaseClass" name="@BeforeSuite beforeSuiteConfiguration" time="0.0">
    <ignored/>
  </testcase> <!-- @BeforeSuite beforeSuiteConfiguration -->
  <testcase classname="GenericUtility.BaseClass" name="@AfterSuite afterSuiteConfiguration" time="0.0">
    <ignored/>
  </testcase> <!-- @AfterSuite afterSuiteConfiguration -->
  <testcase classname="GenericUtility.BaseClass" name="@AfterSuite afterSuiteConfiguration" time="0.0">
    <ignored/>
  </testcase> <!-- @AfterSuite afterSuiteConfiguration -->
  <testcase classname="GenericUtility.BaseClass" name="@AfterSuite afterSuiteConfiguration" time="0.0">
    <ignored/>
  </testcase> <!-- @AfterSuite afterSuiteConfiguration -->
  <testcase classname="GenericUtility.BaseClass" name="@AfterSuite afterSuiteConfiguration" time="0.0">
    <ignored/>
  </testcase> <!-- @AfterSuite afterSuiteConfiguration -->
</testsuite> <!-- Test -->
