<?xml version="1.0" encoding="UTF-8"?>
<!-- Generated by org.testng.reporters.JUnitReportReporter -->
<testsuite hostname="Sowjanya" failures="0" tests="1" name="OrganizationTests.ToCreateOrgWithIndustryTest" time="18.546" errors="0" timestamp="2025-04-03T10:43:34 IST" skipped="0">
  <testcase classname="OrganizationTests.ToCreateOrgWithIndustryTest" name="toCreateOrgWithIndustryTest_TC_003" time="18.546"/>
  <system-out>
    <![CDATA[[ ACC65 ] LTTS522 - Organization Information Added Successfully]]>
  </system-out>
</testsuite> <!-- OrganizationTests.ToCreateOrgWithIndustryTest -->
