<?xml version="1.0" encoding="UTF-8"?>
<!-- Generated by org.testng.reporters.JUnitReportReporter -->
<testsuite hostname="Sowjanya" failures="0" tests="1" name="OrganizationTests.ToCreateOrgTest" time="17.468" errors="0" timestamp="2025-04-03T10:43:34 IST" skipped="0">
  <testcase classname="OrganizationTests.ToCreateOrgTest" name="toCreateOrgTest_TC_002" time="17.468"/>
  <system-out>
    <![CDATA[[ ACC67 ] LTTS612 - Organization Information Added Successfully]]>
  </system-out>
</testsuite> <!-- OrganizationTests.ToCreateOrgTest -->
