<?xml version="1.0" encoding="UTF-8"?>
<!-- Generated by org.testng.reporters.JUnitReportReporter -->
<testsuite hostname="Sowjanya" failures="0" tests="1" name="OrganizationTests.ToCreateOrgWithIndustryAndTypeTest" time="16.915" errors="0" timestamp="2025-04-03T10:43:34 IST" skipped="0">
  <testcase classname="OrganizationTests.ToCreateOrgWithIndustryAndTypeTest" name="toCreateOrgWithIndustryAndTypeTest_TC_004" time="16.915"/>
  <system-out>
    <![CDATA[[ ACC66 ] LTTS538 - Organization Information Added Successfully]]>
  </system-out>
</testsuite> <!-- OrganizationTests.ToCreateOrgWithIndustryAndTypeTest -->
