<?xml version="1.0" encoding="UTF-8"?>
<!-- Generated by org.testng.reporters.JUnitReportReporter -->
<testsuite hostname="Sowjanya" failures="0" tests="1" name="ContactTests.ToCreateContactTest" time="43.545" errors="0" timestamp="2025-04-05T08:24:55 IST" skipped="0">
  <testcase classname="ContactTests.ToCreateContactTest" name="ToCreateContactTest_TC_001" time="43.545"/>
  <system-out>
    <![CDATA[[ CON45 ] soujanya - Contact Information Added Successfully]]>
  </system-out>
</testsuite> <!-- ContactTests.ToCreateContactTest -->
