<?xml version="1.0" encoding="UTF-8"?>
<!-- Generated by org.testng.reporters.JUnitReportReporter -->
<testsuite hostname="Sowjanya" failures="0" tests="1" name="ContactTests.ToCreateContactWithOrgTest" time="18.733" errors="0" timestamp="2025-04-03T10:43:34 IST" skipped="0">
  <testcase classname="ContactTests.ToCreateContactWithOrgTest" name="toCreateContactWithOrgTest_TC_005" time="18.733"/>
  <system-out>
    <![CDATA[[ CON44 ] soujanya - Contact Information Added Successfully]]>
  </system-out>
</testsuite> <!-- ContactTests.ToCreateContactWithOrgTest -->
